<?xml version="1.0" encoding="UTF-8"?>
<!-- Generated by org.testng.reporters.JUnitReportReporter -->
<testsuite hostname="TechAviator-PC" name="Scenario_Component.Scenario_Booksearch" tests="1" failures="0" timestamp="11 Mar 2016 11:25:34 GMT" time="11.385" errors="0">
  <testcase name="Testvalidsearch" time="11.385" classname="Scenario_Component.Scenario_Booksearch"/>
</testsuite> <!-- Scenario_Component.Scenario_Booksearch -->
