<?xml version="1.0" encoding="UTF-8"?>
<!-- Generated by org.testng.reporters.JUnitReportReporter -->
<testsuite hostname="TechAviator-PC" name="Scenario_Component.Scenario_Login" tests="1" failures="0" timestamp="11 Mar 2016 14:06:20 GMT" time="19.415" errors="0">
  <testcase name="TestInValidLogin" time="19.415" classname="Scenario_Component.Scenario_Login"/>
</testsuite> <!-- Scenario_Component.Scenario_Login -->
